2025-02-27 17:42:22,571 : INFO : utils.workspace_handler::get_progress() -> Getting workspace progess...
2025-02-27 17:45:58,029 : INFO : utils.workspace_handler::create_workspace() -> Creating workspace...
2025-02-27 17:45:58,034 : INFO : utils.workspace_handler::create_workspace() -> Workspace created!
2025-02-27 17:46:30,111 : INFO : utils.workspace_handler::get_progress() -> Getting workspace progess...
2025-02-27 17:46:35,126 : INFO : utils.workspace_handler::get_progress() -> Getting workspace progess...
2025-02-27 17:46:40,117 : INFO : utils.workspace_handler::get_progress() -> Getting workspace progess...
2025-02-27 17:46:45,116 : INFO : utils.workspace_handler::get_progress() -> Getting workspace progess...
2025-02-27 17:46:50,113 : INFO : utils.workspace_handler::get_progress() -> Getting workspace progess...
2025-02-27 17:46:55,111 : INFO : utils.workspace_handler::get_progress() -> Getting workspace progess...
2025-02-27 17:47:00,214 : INFO : utils.workspace_handler::get_progress() -> Getting workspace progess...
2025-02-27 17:47:05,220 : INFO : utils.workspace_handler::get_progress() -> Getting workspace progess...
2025-02-27 17:47:10,113 : INFO : utils.workspace_handler::get_progress() -> Getting workspace progess...
2025-02-27 17:47:15,111 : INFO : utils.workspace_handler::get_progress() -> Getting workspace progess...
2025-02-27 17:47:20,113 : INFO : utils.workspace_handler::get_progress() -> Getting workspace progess...
2025-02-27 17:47:25,217 : INFO : utils.workspace_handler::get_progress() -> Getting workspace progess...
2025-02-27 17:47:30,215 : INFO : utils.workspace_handler::get_progress() -> Getting workspace progess...
2025-02-27 17:47:35,223 : INFO : utils.workspace_handler::get_progress() -> Getting workspace progess...
2025-02-27 17:47:40,223 : INFO : utils.workspace_handler::get_progress() -> Getting workspace progess...
2025-02-27 17:47:45,226 : INFO : utils.workspace_handler::get_progress() -> Getting workspace progess...
2025-02-27 17:47:50,211 : INFO : utils.workspace_handler::get_progress() -> Getting workspace progess...
2025-02-27 17:47:55,222 : INFO : utils.workspace_handler::get_progress() -> Getting workspace progess...
2025-02-27 17:48:00,214 : INFO : utils.workspace_handler::get_progress() -> Getting workspace progess...
2025-02-27 17:48:05,212 : INFO : utils.workspace_handler::get_progress() -> Getting workspace progess...
2025-02-27 17:48:10,222 : INFO : utils.workspace_handler::get_progress() -> Getting workspace progess...
2025-02-27 17:48:15,223 : INFO : utils.workspace_handler::get_progress() -> Getting workspace progess...
2025-02-27 17:48:20,217 : INFO : utils.workspace_handler::get_progress() -> Getting workspace progess...
2025-02-27 17:48:53,227 : INFO : utils.workspace_handler::get_progress() -> Getting workspace progess...
2025-02-27 17:49:53,214 : INFO : utils.workspace_handler::get_progress() -> Getting workspace progess...
2025-02-27 17:50:53,227 : INFO : utils.workspace_handler::get_progress() -> Getting workspace progess...
2025-02-27 17:51:53,222 : INFO : utils.workspace_handler::get_progress() -> Getting workspace progess...
2025-02-27 17:52:53,218 : INFO : utils.workspace_handler::get_progress() -> Getting workspace progess...
2025-02-27 17:53:53,213 : INFO : utils.workspace_handler::get_progress() -> Getting workspace progess...
2025-02-27 17:54:36,436 : INFO : utils.workspace_handler::create_workspace() -> Creating workspace...
2025-02-27 17:54:36,441 : INFO : utils.workspace_handler::create_workspace() -> Workspace created!
2025-02-27 17:54:53,220 : INFO : utils.workspace_handler::get_progress() -> Getting workspace progess...
2025-02-27 17:54:53,220 : ERROR : utils.workspace_handler::get_progress() -> Getting workspace progess failed!
2025-02-27 17:54:53,221 : ERROR : utils.workspace_handler::get_progress() -> [Errno 2] No such file or directory: 'garage/container_1445144423722_0020_01_000001_workspace_27_02_25_17_45_58/progress.txt'
2025-02-27 17:54:53,225 : INFO : lib.mongodb_adapter::get_result() -> Fetching result from DB...
2025-02-27 17:54:53,230 : INFO : lib.mongodb_adapter::get_result() -> Fetched result from DB!
2025-02-27 17:54:53,231 : ERROR : lib.mongodb_adapter::get_result() -> Fetching result from DB failed!
2025-02-27 17:54:53,231 : ERROR : lib.mongodb_adapter::get_result() -> 'NoneType' object is not subscriptable
2025-02-27 18:01:11,071 : INFO : utils.workspace_handler::create_workspace() -> Creating workspace...
2025-02-27 18:01:11,076 : INFO : utils.workspace_handler::create_workspace() -> Workspace created!
2025-02-27 18:01:11,082 : INFO : utils.workspace_handler::create_workspace() -> Creating workspace...
2025-02-27 18:01:58,908 : INFO : model_exec::main() -> Starting analysis and summary process
2025-02-27 18:01:58,909 : INFO : model_exec::load() -> Loading model, tokenizer and configuration
2025-02-27 18:02:03,465 : INFO : model_exec::load() -> Model, tokenizer, configuration loaded
2025-02-27 18:02:03,465 : INFO : model_exec::analyze() -> Analysis started
2025-02-27 18:02:04,570 : INFO : model_exec::analyze() -> Total batches: 26
2025-02-27 18:04:36,324 : INFO : utils.workspace_handler::get_progress() -> Getting workspace progess...
2025-02-27 18:04:36,326 : INFO : utils.workspace_handler::update_progress() -> Updating workspace progess...
2025-02-27 18:04:36,328 : INFO : utils.workspace_handler::update_progress() -> Updated workspace progess!
2025-02-27 18:04:36,328 : INFO : model_exec::analyze() -> container_1445144423722_0020_01_000001 - processed: 1/26
2025-02-27 18:07:05,592 : INFO : utils.workspace_handler::get_progress() -> Getting workspace progess...
2025-02-27 18:07:05,594 : INFO : utils.workspace_handler::update_progress() -> Updating workspace progess...
2025-02-27 18:07:05,596 : INFO : utils.workspace_handler::update_progress() -> Updated workspace progess!
2025-02-27 18:07:05,596 : INFO : model_exec::analyze() -> container_1445144423722_0020_01_000001 - processed: 2/26
2025-02-27 18:09:27,605 : INFO : utils.workspace_handler::get_progress() -> Getting workspace progess...
2025-02-27 18:09:27,606 : INFO : utils.workspace_handler::update_progress() -> Updating workspace progess...
2025-02-27 18:09:27,608 : INFO : utils.workspace_handler::update_progress() -> Updated workspace progess!
2025-02-27 18:09:27,609 : INFO : model_exec::analyze() -> container_1445144423722_0020_01_000001 - processed: 3/26
2025-02-27 18:11:51,947 : INFO : utils.workspace_handler::get_progress() -> Getting workspace progess...
2025-02-27 18:11:51,949 : INFO : utils.workspace_handler::update_progress() -> Updating workspace progess...
2025-02-27 18:11:51,952 : INFO : utils.workspace_handler::update_progress() -> Updated workspace progess!
2025-02-27 18:11:51,952 : INFO : model_exec::analyze() -> container_1445144423722_0020_01_000001 - processed: 4/26
2025-02-27 18:14:16,302 : INFO : utils.workspace_handler::get_progress() -> Getting workspace progess...
2025-02-27 18:14:16,303 : INFO : utils.workspace_handler::update_progress() -> Updating workspace progess...
2025-02-27 18:14:16,307 : INFO : utils.workspace_handler::update_progress() -> Updated workspace progess!
2025-02-27 18:14:16,308 : INFO : model_exec::analyze() -> container_1445144423722_0020_01_000001 - processed: 5/26
2025-02-27 18:16:40,238 : INFO : utils.workspace_handler::get_progress() -> Getting workspace progess...
2025-02-27 18:16:40,240 : INFO : utils.workspace_handler::update_progress() -> Updating workspace progess...
2025-02-27 18:16:40,244 : INFO : utils.workspace_handler::update_progress() -> Updated workspace progess!
2025-02-27 18:16:40,244 : INFO : model_exec::analyze() -> container_1445144423722_0020_01_000001 - processed: 6/26
2025-02-27 18:19:02,458 : INFO : utils.workspace_handler::get_progress() -> Getting workspace progess...
2025-02-27 18:19:02,460 : INFO : utils.workspace_handler::update_progress() -> Updating workspace progess...
2025-02-27 18:19:02,463 : INFO : utils.workspace_handler::update_progress() -> Updated workspace progess!
2025-02-27 18:19:02,463 : INFO : model_exec::analyze() -> container_1445144423722_0020_01_000001 - processed: 7/26
2025-02-27 18:21:26,902 : INFO : utils.workspace_handler::get_progress() -> Getting workspace progess...
2025-02-27 18:21:26,903 : INFO : utils.workspace_handler::update_progress() -> Updating workspace progess...
2025-02-27 18:21:26,907 : INFO : utils.workspace_handler::update_progress() -> Updated workspace progess!
2025-02-27 18:21:26,908 : INFO : model_exec::analyze() -> container_1445144423722_0020_01_000001 - processed: 8/26
2025-02-27 18:23:48,442 : INFO : utils.workspace_handler::get_progress() -> Getting workspace progess...
2025-02-27 18:23:48,443 : INFO : utils.workspace_handler::update_progress() -> Updating workspace progess...
2025-02-27 18:23:48,447 : INFO : utils.workspace_handler::update_progress() -> Updated workspace progess!
2025-02-27 18:23:48,448 : INFO : model_exec::analyze() -> container_1445144423722_0020_01_000001 - processed: 9/26
2025-02-27 18:26:09,708 : INFO : utils.workspace_handler::get_progress() -> Getting workspace progess...
2025-02-27 18:26:09,710 : INFO : utils.workspace_handler::update_progress() -> Updating workspace progess...
2025-02-27 18:26:09,713 : INFO : utils.workspace_handler::update_progress() -> Updated workspace progess!
2025-02-27 18:26:09,713 : INFO : model_exec::analyze() -> container_1445144423722_0020_01_000001 - processed: 10/26
2025-02-27 18:28:30,048 : INFO : utils.workspace_handler::get_progress() -> Getting workspace progess...
2025-02-27 18:28:30,049 : INFO : utils.workspace_handler::update_progress() -> Updating workspace progess...
2025-02-27 18:28:30,053 : INFO : utils.workspace_handler::update_progress() -> Updated workspace progess!
2025-02-27 18:28:30,053 : INFO : model_exec::analyze() -> container_1445144423722_0020_01_000001 - processed: 11/26
2025-02-27 18:30:51,767 : INFO : utils.workspace_handler::get_progress() -> Getting workspace progess...
2025-02-27 18:30:51,769 : INFO : utils.workspace_handler::update_progress() -> Updating workspace progess...
2025-02-27 18:30:51,772 : INFO : utils.workspace_handler::update_progress() -> Updated workspace progess!
2025-02-27 18:30:51,772 : INFO : model_exec::analyze() -> container_1445144423722_0020_01_000001 - processed: 12/26
2025-02-27 18:33:12,713 : INFO : utils.workspace_handler::get_progress() -> Getting workspace progess...
2025-02-27 18:33:12,714 : INFO : utils.workspace_handler::update_progress() -> Updating workspace progess...
2025-02-27 18:33:12,718 : INFO : utils.workspace_handler::update_progress() -> Updated workspace progess!
2025-02-27 18:33:12,718 : INFO : model_exec::analyze() -> container_1445144423722_0020_01_000001 - processed: 13/26
2025-02-27 18:35:33,441 : INFO : utils.workspace_handler::get_progress() -> Getting workspace progess...
2025-02-27 18:35:33,442 : INFO : utils.workspace_handler::update_progress() -> Updating workspace progess...
2025-02-27 18:35:33,445 : INFO : utils.workspace_handler::update_progress() -> Updated workspace progess!
2025-02-27 18:35:33,446 : INFO : model_exec::analyze() -> container_1445144423722_0020_01_000001 - processed: 14/26
2025-02-27 18:37:52,887 : INFO : utils.workspace_handler::get_progress() -> Getting workspace progess...
2025-02-27 18:37:52,888 : INFO : utils.workspace_handler::update_progress() -> Updating workspace progess...
2025-02-27 18:37:52,893 : INFO : utils.workspace_handler::update_progress() -> Updated workspace progess!
2025-02-27 18:37:52,893 : INFO : model_exec::analyze() -> container_1445144423722_0020_01_000001 - processed: 15/26
2025-02-27 18:40:15,668 : INFO : utils.workspace_handler::get_progress() -> Getting workspace progess...
2025-02-27 18:40:15,669 : INFO : utils.workspace_handler::update_progress() -> Updating workspace progess...
2025-02-27 18:40:15,673 : INFO : utils.workspace_handler::update_progress() -> Updated workspace progess!
2025-02-27 18:40:15,673 : INFO : model_exec::analyze() -> container_1445144423722_0020_01_000001 - processed: 16/26
2025-02-27 18:42:35,946 : INFO : utils.workspace_handler::get_progress() -> Getting workspace progess...
2025-02-27 18:42:35,948 : INFO : utils.workspace_handler::update_progress() -> Updating workspace progess...
2025-02-27 18:42:35,951 : INFO : utils.workspace_handler::update_progress() -> Updated workspace progess!
2025-02-27 18:42:35,951 : INFO : model_exec::analyze() -> container_1445144423722_0020_01_000001 - processed: 17/26
2025-02-27 18:44:56,907 : INFO : utils.workspace_handler::get_progress() -> Getting workspace progess...
2025-02-27 18:44:56,908 : INFO : utils.workspace_handler::update_progress() -> Updating workspace progess...
2025-02-27 18:44:56,911 : INFO : utils.workspace_handler::update_progress() -> Updated workspace progess!
2025-02-27 18:44:56,911 : INFO : model_exec::analyze() -> container_1445144423722_0020_01_000001 - processed: 18/26
2025-02-27 18:47:18,671 : INFO : utils.workspace_handler::get_progress() -> Getting workspace progess...
2025-02-27 18:47:18,672 : INFO : utils.workspace_handler::update_progress() -> Updating workspace progess...
2025-02-27 18:47:18,677 : INFO : utils.workspace_handler::update_progress() -> Updated workspace progess!
2025-02-27 18:47:18,677 : INFO : model_exec::analyze() -> container_1445144423722_0020_01_000001 - processed: 19/26
2025-02-27 18:49:39,208 : INFO : utils.workspace_handler::get_progress() -> Getting workspace progess...
2025-02-27 18:49:39,210 : INFO : utils.workspace_handler::update_progress() -> Updating workspace progess...
2025-02-27 18:49:39,213 : INFO : utils.workspace_handler::update_progress() -> Updated workspace progess!
2025-02-27 18:49:39,213 : INFO : model_exec::analyze() -> container_1445144423722_0020_01_000001 - processed: 20/26
2025-02-27 18:51:58,944 : INFO : utils.workspace_handler::get_progress() -> Getting workspace progess...
2025-02-27 18:51:58,945 : INFO : utils.workspace_handler::update_progress() -> Updating workspace progess...
2025-02-27 18:51:58,949 : INFO : utils.workspace_handler::update_progress() -> Updated workspace progess!
2025-02-27 18:51:58,949 : INFO : model_exec::analyze() -> container_1445144423722_0020_01_000001 - processed: 21/26
2025-02-27 18:54:20,228 : INFO : utils.workspace_handler::get_progress() -> Getting workspace progess...
2025-02-27 18:54:20,229 : INFO : utils.workspace_handler::update_progress() -> Updating workspace progess...
2025-02-27 18:54:20,233 : INFO : utils.workspace_handler::update_progress() -> Updated workspace progess!
2025-02-27 18:54:20,233 : INFO : model_exec::analyze() -> container_1445144423722_0020_01_000001 - processed: 22/26
2025-02-27 18:56:41,085 : INFO : utils.workspace_handler::get_progress() -> Getting workspace progess...
2025-02-27 18:56:41,087 : INFO : utils.workspace_handler::update_progress() -> Updating workspace progess...
2025-02-27 18:56:41,091 : INFO : utils.workspace_handler::update_progress() -> Updated workspace progess!
2025-02-27 18:56:41,091 : INFO : model_exec::analyze() -> container_1445144423722_0020_01_000001 - processed: 23/26
2025-02-27 18:59:02,451 : INFO : utils.workspace_handler::get_progress() -> Getting workspace progess...
2025-02-27 18:59:02,452 : INFO : utils.workspace_handler::update_progress() -> Updating workspace progess...
2025-02-27 18:59:02,456 : INFO : utils.workspace_handler::update_progress() -> Updated workspace progess!
2025-02-27 18:59:02,456 : INFO : model_exec::analyze() -> container_1445144423722_0020_01_000001 - processed: 24/26
2025-02-27 19:01:27,886 : INFO : utils.workspace_handler::get_progress() -> Getting workspace progess...
2025-02-27 19:01:27,888 : INFO : utils.workspace_handler::update_progress() -> Updating workspace progess...
2025-02-27 19:01:27,891 : INFO : utils.workspace_handler::update_progress() -> Updated workspace progess!
2025-02-27 19:01:27,891 : INFO : model_exec::analyze() -> container_1445144423722_0020_01_000001 - processed: 25/26
2025-02-27 19:03:44,487 : INFO : utils.workspace_handler::get_progress() -> Getting workspace progess...
2025-02-27 19:03:44,489 : INFO : utils.workspace_handler::update_progress() -> Updating workspace progess...
2025-02-27 19:03:44,492 : INFO : utils.workspace_handler::update_progress() -> Updated workspace progess!
2025-02-27 19:03:44,492 : INFO : model_exec::analyze() -> container_1445144423722_0020_01_000001 - processed: 26/26
2025-02-27 19:03:44,529 : INFO : model_exec::extract_scores() -> Scores extracted
2025-02-27 19:03:44,530 : INFO : model_exec::analyze() -> Analysis completed
2025-02-27 19:03:44,531 : INFO : utils.workspace_handler::update_progress() -> Updating workspace progess...
2025-02-27 19:03:44,534 : INFO : utils.workspace_handler::update_progress() -> Updated workspace progess!
2025-02-27 19:03:44,537 : INFO : model_exec::create_summary() -> Starting summary generation
2025-02-27 19:03:44,549 : INFO : utils.workspace_handler::update_progress() -> Updating workspace progess...
2025-02-27 19:03:44,552 : INFO : utils.workspace_handler::update_progress() -> Updated workspace progess!
2025-02-27 19:03:44,552 : INFO : model_exec::create_summary() -> Summary generated
2025-02-27 19:03:44,553 : INFO : model_exec::main() -> Analysis and summary process completed
2025-02-27 19:03:55,354 : INFO : lib.mongodb_adapter::push_signature() -> Pushing signature to DB...
2025-02-27 19:03:55,390 : INFO : lib.mongodb_adapter::push_signature() -> Pushed signature to DB!
2025-02-27 19:03:55,397 : INFO : lib.mongodb_adapter::get_signatures() -> Getting signatures from DB...
2025-02-27 19:03:55,404 : INFO : lib.mongodb_adapter::get_signatures() -> Collected signatures from DB!
2025-02-27 19:03:55,471 : INFO : lib.mongodb_adapter::push_result() -> Pushing result to DB...
2025-02-27 19:03:55,478 : INFO : lib.mongodb_adapter::push_result() -> Pushed result to DB!
2025-02-27 19:03:55,480 : INFO : utils.workspace_handler::update_progress() -> Updating workspace progess...
2025-02-27 19:03:55,483 : INFO : utils.workspace_handler::update_progress() -> Updated workspace progess!
2025-02-27 19:03:55,484 : INFO : model_exec::publish_to_db() -> Published signature and results to db
2025-02-28 16:27:12,355 : INFO : utils.workspace_handler::create_workspace() -> Creating workspace...
2025-02-28 16:27:12,360 : INFO : utils.workspace_handler::create_workspace() -> Workspace created!
2025-02-28 16:27:54,592 : INFO : utils.workspace_handler::get_progress() -> Getting workspace progess...
2025-02-28 16:27:59,602 : INFO : utils.workspace_handler::get_progress() -> Getting workspace progess...
2025-02-28 16:28:04,594 : INFO : utils.workspace_handler::get_progress() -> Getting workspace progess...
2025-02-28 16:28:09,587 : INFO : utils.workspace_handler::get_progress() -> Getting workspace progess...
2025-02-28 16:28:15,221 : INFO : utils.workspace_handler::get_progress() -> Getting workspace progess...
2025-02-28 16:28:20,227 : INFO : utils.workspace_handler::get_progress() -> Getting workspace progess...
2025-02-28 16:28:25,215 : INFO : utils.workspace_handler::get_progress() -> Getting workspace progess...
2025-02-28 16:28:30,227 : INFO : utils.workspace_handler::get_progress() -> Getting workspace progess...
2025-02-28 16:28:40,217 : INFO : utils.workspace_handler::get_progress() -> Getting workspace progess...
2025-02-28 16:28:40,217 : ERROR : utils.workspace_handler::get_progress() -> Getting workspace progess failed!
2025-02-28 16:28:40,217 : ERROR : utils.workspace_handler::get_progress() -> [Errno 2] No such file or directory: 'garage/container_1445144423722_0020_01_000001_workspace_27_02_25_17_45_58/progress.txt'
2025-02-28 16:28:40,220 : INFO : lib.mongodb_adapter::get_result() -> Fetching result from DB...
2025-02-28 16:28:40,247 : INFO : lib.mongodb_adapter::get_result() -> Fetched result from DB!
2025-02-28 16:28:40,247 : ERROR : lib.mongodb_adapter::get_result() -> Fetching result from DB failed!
2025-02-28 16:28:40,247 : ERROR : lib.mongodb_adapter::get_result() -> 'NoneType' object is not subscriptable
2025-02-28 16:29:12,559 : INFO : model_exec::main() -> Starting analysis and summary process
2025-02-28 16:29:12,559 : INFO : model_exec::load() -> Loading model, tokenizer and configuration
2025-02-28 16:29:15,080 : INFO : model_exec::load() -> Model, tokenizer, configuration loaded
2025-02-28 16:29:15,082 : INFO : model_exec::analyze() -> Analysis started
2025-02-28 16:29:16,921 : INFO : model_exec::analyze() -> Total batches: 43
2025-02-28 16:31:05,908 : INFO : utils.workspace_handler::get_progress() -> Getting workspace progess...
2025-02-28 16:31:10,956 : INFO : utils.workspace_handler::get_progress() -> Getting workspace progess...
2025-02-28 16:31:16,007 : INFO : utils.workspace_handler::get_progress() -> Getting workspace progess...
2025-02-28 16:31:20,902 : INFO : utils.workspace_handler::get_progress() -> Getting workspace progess...
2025-02-28 16:31:25,912 : INFO : utils.workspace_handler::get_progress() -> Getting workspace progess...
2025-02-28 16:31:30,911 : INFO : utils.workspace_handler::get_progress() -> Getting workspace progess...
2025-02-28 16:31:36,214 : INFO : utils.workspace_handler::get_progress() -> Getting workspace progess...
2025-02-28 16:31:41,229 : INFO : utils.workspace_handler::get_progress() -> Getting workspace progess...
2025-02-28 16:31:46,214 : INFO : utils.workspace_handler::get_progress() -> Getting workspace progess...
2025-02-28 16:31:51,224 : INFO : utils.workspace_handler::get_progress() -> Getting workspace progess...
2025-02-28 16:31:56,886 : INFO : utils.workspace_handler::get_progress() -> Getting workspace progess...
2025-02-28 16:32:01,654 : INFO : utils.workspace_handler::get_progress() -> Getting workspace progess...
2025-02-28 16:32:03,747 : INFO : utils.workspace_handler::get_progress() -> Getting workspace progess...
2025-02-28 16:32:03,749 : INFO : utils.workspace_handler::update_progress() -> Updating workspace progess...
2025-02-28 16:32:03,751 : INFO : utils.workspace_handler::update_progress() -> Updated workspace progess!
2025-02-28 16:32:03,752 : INFO : model_exec::analyze() -> container_1445175094696_0003_01_000001 - processed: 1/43
2025-02-28 16:32:06,570 : INFO : utils.workspace_handler::get_progress() -> Getting workspace progess...
2025-02-28 16:32:11,224 : INFO : utils.workspace_handler::get_progress() -> Getting workspace progess...
2025-02-28 16:32:16,227 : INFO : utils.workspace_handler::get_progress() -> Getting workspace progess...
2025-02-28 16:32:21,248 : INFO : utils.workspace_handler::get_progress() -> Getting workspace progess...
2025-02-28 16:32:26,250 : INFO : utils.workspace_handler::get_progress() -> Getting workspace progess...
2025-02-28 16:32:31,241 : INFO : utils.workspace_handler::get_progress() -> Getting workspace progess...
2025-02-28 16:32:53,222 : INFO : utils.workspace_handler::get_progress() -> Getting workspace progess...
2025-02-28 16:33:38,606 : INFO : utils.workspace_handler::get_progress() -> Getting workspace progess...
2025-02-28 16:33:40,912 : INFO : utils.workspace_handler::get_progress() -> Getting workspace progess...
2025-02-28 16:33:45,906 : INFO : utils.workspace_handler::get_progress() -> Getting workspace progess...
2025-02-28 16:34:44,646 : INFO : utils.workspace_handler::get_progress() -> Getting workspace progess...
2025-02-28 16:34:44,647 : INFO : utils.workspace_handler::update_progress() -> Updating workspace progess...
2025-02-28 16:34:44,650 : INFO : utils.workspace_handler::update_progress() -> Updated workspace progess!
2025-02-28 16:34:44,650 : INFO : model_exec::analyze() -> container_1445175094696_0003_01_000001 - processed: 2/43
2025-02-28 16:37:27,951 : INFO : utils.workspace_handler::get_progress() -> Getting workspace progess...
2025-02-28 16:37:27,953 : INFO : utils.workspace_handler::update_progress() -> Updating workspace progess...
2025-02-28 16:37:27,955 : INFO : utils.workspace_handler::update_progress() -> Updated workspace progess!
2025-02-28 16:37:27,955 : INFO : model_exec::analyze() -> container_1445175094696_0003_01_000001 - processed: 3/43
2025-02-28 16:40:09,097 : INFO : utils.workspace_handler::get_progress() -> Getting workspace progess...
2025-02-28 16:40:09,099 : INFO : utils.workspace_handler::update_progress() -> Updating workspace progess...
2025-02-28 16:40:09,102 : INFO : utils.workspace_handler::update_progress() -> Updated workspace progess!
2025-02-28 16:40:09,102 : INFO : model_exec::analyze() -> container_1445175094696_0003_01_000001 - processed: 4/43
2025-02-28 16:42:47,546 : INFO : utils.workspace_handler::get_progress() -> Getting workspace progess...
2025-02-28 16:42:47,548 : INFO : utils.workspace_handler::update_progress() -> Updating workspace progess...
2025-02-28 16:42:47,551 : INFO : utils.workspace_handler::update_progress() -> Updated workspace progess!
2025-02-28 16:42:47,551 : INFO : model_exec::analyze() -> container_1445175094696_0003_01_000001 - processed: 5/43
2025-02-28 16:45:25,319 : INFO : utils.workspace_handler::get_progress() -> Getting workspace progess...
2025-02-28 16:45:25,320 : INFO : utils.workspace_handler::update_progress() -> Updating workspace progess...
2025-02-28 16:45:25,323 : INFO : utils.workspace_handler::update_progress() -> Updated workspace progess!
2025-02-28 16:45:25,323 : INFO : model_exec::analyze() -> container_1445175094696_0003_01_000001 - processed: 6/43
2025-02-28 16:47:51,663 : INFO : utils.workspace_handler::get_progress() -> Getting workspace progess...
2025-02-28 16:47:56,688 : INFO : utils.workspace_handler::get_progress() -> Getting workspace progess...
2025-02-28 16:48:01,756 : INFO : utils.workspace_handler::get_progress() -> Getting workspace progess...
2025-02-28 16:48:04,716 : INFO : utils.workspace_handler::get_progress() -> Getting workspace progess...
2025-02-28 16:48:04,718 : INFO : utils.workspace_handler::update_progress() -> Updating workspace progess...
2025-02-28 16:48:04,722 : INFO : utils.workspace_handler::update_progress() -> Updated workspace progess!
2025-02-28 16:48:04,722 : INFO : model_exec::analyze() -> container_1445175094696_0003_01_000001 - processed: 7/43
2025-02-28 16:48:06,736 : INFO : utils.workspace_handler::get_progress() -> Getting workspace progess...
2025-02-28 16:48:11,735 : INFO : utils.workspace_handler::get_progress() -> Getting workspace progess...
2025-02-28 16:48:16,652 : INFO : utils.workspace_handler::get_progress() -> Getting workspace progess...
2025-02-28 16:48:21,749 : INFO : utils.workspace_handler::get_progress() -> Getting workspace progess...
2025-02-28 16:48:26,651 : INFO : utils.workspace_handler::get_progress() -> Getting workspace progess...
2025-02-28 16:48:32,665 : INFO : utils.workspace_handler::get_progress() -> Getting workspace progess...
2025-02-28 16:48:37,714 : INFO : utils.workspace_handler::get_progress() -> Getting workspace progess...
2025-02-28 16:48:42,215 : INFO : utils.workspace_handler::get_progress() -> Getting workspace progess...
2025-02-28 16:48:47,226 : INFO : utils.workspace_handler::get_progress() -> Getting workspace progess...
2025-02-28 16:48:52,251 : INFO : utils.workspace_handler::get_progress() -> Getting workspace progess...
2025-02-28 16:48:57,259 : INFO : utils.workspace_handler::get_progress() -> Getting workspace progess...
2025-02-28 16:49:02,228 : INFO : utils.workspace_handler::get_progress() -> Getting workspace progess...
2025-02-28 16:49:07,398 : INFO : utils.workspace_handler::get_progress() -> Getting workspace progess...
2025-02-28 16:49:12,223 : INFO : utils.workspace_handler::get_progress() -> Getting workspace progess...
2025-02-28 16:49:18,762 : INFO : utils.workspace_handler::get_progress() -> Getting workspace progess...
2025-02-28 16:49:23,910 : INFO : utils.workspace_handler::get_progress() -> Getting workspace progess...
2025-02-28 16:49:27,220 : INFO : utils.workspace_handler::get_progress() -> Getting workspace progess...
2025-02-28 16:49:53,261 : INFO : utils.workspace_handler::get_progress() -> Getting workspace progess...
2025-02-28 16:50:46,085 : INFO : utils.workspace_handler::get_progress() -> Getting workspace progess...
2025-02-28 16:50:46,086 : INFO : utils.workspace_handler::update_progress() -> Updating workspace progess...
2025-02-28 16:50:46,088 : INFO : utils.workspace_handler::update_progress() -> Updated workspace progess!
2025-02-28 16:50:46,088 : INFO : model_exec::analyze() -> container_1445175094696_0003_01_000001 - processed: 8/43
2025-02-28 16:50:53,220 : INFO : utils.workspace_handler::get_progress() -> Getting workspace progess...
2025-02-28 16:51:53,223 : INFO : utils.workspace_handler::get_progress() -> Getting workspace progess...
2025-02-28 16:51:56,658 : INFO : utils.workspace_handler::get_progress() -> Getting workspace progess...
2025-02-28 16:52:02,280 : INFO : utils.workspace_handler::get_progress() -> Getting workspace progess...
2025-02-28 16:52:07,531 : INFO : utils.workspace_handler::get_progress() -> Getting workspace progess...
2025-02-28 16:52:12,222 : INFO : utils.workspace_handler::get_progress() -> Getting workspace progess...
2025-02-28 16:52:17,220 : INFO : utils.workspace_handler::get_progress() -> Getting workspace progess...
2025-02-28 16:52:22,216 : INFO : utils.workspace_handler::get_progress() -> Getting workspace progess...
2025-02-28 16:52:27,564 : INFO : utils.workspace_handler::get_progress() -> Getting workspace progess...
2025-02-28 16:52:32,238 : INFO : utils.workspace_handler::get_progress() -> Getting workspace progess...
2025-02-28 16:52:37,229 : INFO : utils.workspace_handler::get_progress() -> Getting workspace progess...
2025-02-28 16:52:42,245 : INFO : utils.workspace_handler::get_progress() -> Getting workspace progess...
2025-02-28 16:52:46,651 : INFO : utils.workspace_handler::get_progress() -> Getting workspace progess...
2025-02-28 16:52:53,504 : INFO : utils.workspace_handler::get_progress() -> Getting workspace progess...
2025-02-28 16:52:57,887 : INFO : utils.workspace_handler::get_progress() -> Getting workspace progess...
2025-02-28 16:53:02,530 : INFO : utils.workspace_handler::get_progress() -> Getting workspace progess...
2025-02-28 16:53:07,223 : INFO : utils.workspace_handler::get_progress() -> Getting workspace progess...
2025-02-28 16:53:12,227 : INFO : utils.workspace_handler::get_progress() -> Getting workspace progess...
2025-02-28 16:53:17,228 : INFO : utils.workspace_handler::get_progress() -> Getting workspace progess...
2025-02-28 16:53:22,371 : INFO : utils.workspace_handler::get_progress() -> Getting workspace progess...
2025-02-28 16:53:27,181 : INFO : utils.workspace_handler::get_progress() -> Getting workspace progess...
2025-02-28 16:53:27,182 : INFO : utils.workspace_handler::update_progress() -> Updating workspace progess...
2025-02-28 16:53:27,184 : INFO : utils.workspace_handler::update_progress() -> Updated workspace progess!
2025-02-28 16:53:27,185 : INFO : model_exec::analyze() -> container_1445175094696_0003_01_000001 - processed: 9/43
2025-02-28 16:53:27,260 : INFO : utils.workspace_handler::get_progress() -> Getting workspace progess...
2025-02-28 16:53:32,227 : INFO : utils.workspace_handler::get_progress() -> Getting workspace progess...
2025-02-28 16:53:37,226 : INFO : utils.workspace_handler::get_progress() -> Getting workspace progess...
2025-02-28 16:53:42,213 : INFO : utils.workspace_handler::get_progress() -> Getting workspace progess...
2025-02-28 16:53:47,223 : INFO : utils.workspace_handler::get_progress() -> Getting workspace progess...
2025-02-28 16:53:53,689 : INFO : utils.workspace_handler::get_progress() -> Getting workspace progess...
2025-02-28 16:54:06,671 : INFO : utils.workspace_handler::get_progress() -> Getting workspace progess...
2025-02-28 16:54:11,708 : INFO : utils.workspace_handler::get_progress() -> Getting workspace progess...
2025-02-28 16:54:16,776 : INFO : utils.workspace_handler::get_progress() -> Getting workspace progess...
2025-02-28 16:54:22,223 : INFO : utils.workspace_handler::get_progress() -> Getting workspace progess...
2025-02-28 16:54:27,686 : INFO : utils.workspace_handler::get_progress() -> Getting workspace progess...
2025-02-28 16:54:32,228 : INFO : utils.workspace_handler::get_progress() -> Getting workspace progess...
2025-02-28 16:54:39,427 : INFO : utils.workspace_handler::get_progress() -> Getting workspace progess...
2025-02-28 16:54:42,225 : INFO : utils.workspace_handler::get_progress() -> Getting workspace progess...
2025-02-28 16:54:47,335 : INFO : utils.workspace_handler::get_progress() -> Getting workspace progess...
2025-02-28 16:54:52,571 : INFO : utils.workspace_handler::get_progress() -> Getting workspace progess...
2025-02-28 16:54:57,221 : INFO : utils.workspace_handler::get_progress() -> Getting workspace progess...
2025-02-28 16:55:02,223 : INFO : utils.workspace_handler::get_progress() -> Getting workspace progess...
2025-02-28 16:55:07,358 : INFO : utils.workspace_handler::get_progress() -> Getting workspace progess...
2025-02-28 16:55:12,454 : INFO : utils.workspace_handler::get_progress() -> Getting workspace progess...
2025-02-28 16:55:17,513 : INFO : utils.workspace_handler::get_progress() -> Getting workspace progess...
2025-02-28 16:55:53,223 : INFO : utils.workspace_handler::get_progress() -> Getting workspace progess...
2025-02-28 16:56:05,548 : INFO : utils.workspace_handler::get_progress() -> Getting workspace progess...
2025-02-28 16:56:05,550 : INFO : utils.workspace_handler::update_progress() -> Updating workspace progess...
2025-02-28 16:56:05,552 : INFO : utils.workspace_handler::update_progress() -> Updated workspace progess!
2025-02-28 16:56:05,552 : INFO : model_exec::analyze() -> container_1445175094696_0003_01_000001 - processed: 10/43
2025-02-28 16:56:53,218 : INFO : utils.workspace_handler::get_progress() -> Getting workspace progess...
2025-02-28 16:57:53,227 : INFO : utils.workspace_handler::get_progress() -> Getting workspace progess...
2025-02-28 16:58:42,412 : INFO : utils.workspace_handler::get_progress() -> Getting workspace progess...
2025-02-28 16:58:42,413 : INFO : utils.workspace_handler::update_progress() -> Updating workspace progess...
2025-02-28 16:58:42,417 : INFO : utils.workspace_handler::update_progress() -> Updated workspace progess!
2025-02-28 16:58:42,417 : INFO : model_exec::analyze() -> container_1445175094696_0003_01_000001 - processed: 11/43
2025-02-28 16:58:53,213 : INFO : utils.workspace_handler::get_progress() -> Getting workspace progess...
2025-02-28 16:59:54,428 : INFO : utils.workspace_handler::get_progress() -> Getting workspace progess...
2025-02-28 17:00:53,621 : INFO : utils.workspace_handler::get_progress() -> Getting workspace progess...
2025-02-28 17:01:21,543 : INFO : utils.workspace_handler::get_progress() -> Getting workspace progess...
2025-02-28 17:01:21,545 : INFO : utils.workspace_handler::update_progress() -> Updating workspace progess...
2025-02-28 17:01:21,547 : INFO : utils.workspace_handler::update_progress() -> Updated workspace progess!
2025-02-28 17:01:21,547 : INFO : model_exec::analyze() -> container_1445175094696_0003_01_000001 - processed: 12/43
2025-02-28 17:01:53,853 : INFO : utils.workspace_handler::get_progress() -> Getting workspace progess...
2025-02-28 17:02:53,227 : INFO : utils.workspace_handler::get_progress() -> Getting workspace progess...
2025-02-28 17:03:53,212 : INFO : utils.workspace_handler::get_progress() -> Getting workspace progess...
2025-02-28 17:03:56,721 : INFO : utils.workspace_handler::get_progress() -> Getting workspace progess...
2025-02-28 17:03:56,722 : INFO : utils.workspace_handler::update_progress() -> Updating workspace progess...
2025-02-28 17:03:56,727 : INFO : utils.workspace_handler::update_progress() -> Updated workspace progess!
2025-02-28 17:03:56,728 : INFO : model_exec::analyze() -> container_1445175094696_0003_01_000001 - processed: 13/43
2025-02-28 17:04:53,803 : INFO : utils.workspace_handler::get_progress() -> Getting workspace progess...
2025-02-28 17:05:53,223 : INFO : utils.workspace_handler::get_progress() -> Getting workspace progess...
2025-02-28 17:06:30,832 : INFO : utils.workspace_handler::get_progress() -> Getting workspace progess...
2025-02-28 17:06:30,834 : INFO : utils.workspace_handler::update_progress() -> Updating workspace progess...
2025-02-28 17:06:30,836 : INFO : utils.workspace_handler::update_progress() -> Updated workspace progess!
2025-02-28 17:06:30,836 : INFO : model_exec::analyze() -> container_1445175094696_0003_01_000001 - processed: 14/43
2025-02-28 17:06:53,217 : INFO : utils.workspace_handler::get_progress() -> Getting workspace progess...
2025-02-28 17:07:53,221 : INFO : utils.workspace_handler::get_progress() -> Getting workspace progess...
2025-02-28 17:08:53,763 : INFO : utils.workspace_handler::get_progress() -> Getting workspace progess...
2025-02-28 17:09:03,643 : INFO : utils.workspace_handler::get_progress() -> Getting workspace progess...
2025-02-28 17:09:03,644 : INFO : utils.workspace_handler::update_progress() -> Updating workspace progess...
2025-02-28 17:09:03,648 : INFO : utils.workspace_handler::update_progress() -> Updated workspace progess!
2025-02-28 17:09:03,648 : INFO : model_exec::analyze() -> container_1445175094696_0003_01_000001 - processed: 15/43
2025-02-28 17:09:54,296 : INFO : utils.workspace_handler::get_progress() -> Getting workspace progess...
2025-02-28 17:10:53,630 : INFO : utils.workspace_handler::get_progress() -> Getting workspace progess...
2025-02-28 17:11:38,228 : INFO : utils.workspace_handler::get_progress() -> Getting workspace progess...
2025-02-28 17:11:38,229 : INFO : utils.workspace_handler::update_progress() -> Updating workspace progess...
2025-02-28 17:11:38,232 : INFO : utils.workspace_handler::update_progress() -> Updated workspace progess!
2025-02-28 17:11:38,232 : INFO : model_exec::analyze() -> container_1445175094696_0003_01_000001 - processed: 16/43
2025-02-28 17:11:53,223 : INFO : utils.workspace_handler::get_progress() -> Getting workspace progess...
2025-02-28 17:12:53,900 : INFO : utils.workspace_handler::get_progress() -> Getting workspace progess...
2025-02-28 17:13:53,769 : INFO : utils.workspace_handler::get_progress() -> Getting workspace progess...
2025-02-28 17:14:11,750 : INFO : utils.workspace_handler::get_progress() -> Getting workspace progess...
2025-02-28 17:14:11,752 : INFO : utils.workspace_handler::update_progress() -> Updating workspace progess...
2025-02-28 17:14:11,755 : INFO : utils.workspace_handler::update_progress() -> Updated workspace progess!
2025-02-28 17:14:11,755 : INFO : model_exec::analyze() -> container_1445175094696_0003_01_000001 - processed: 17/43
2025-02-28 17:14:53,847 : INFO : utils.workspace_handler::get_progress() -> Getting workspace progess...
2025-02-28 17:15:53,211 : INFO : utils.workspace_handler::get_progress() -> Getting workspace progess...
2025-02-28 17:16:51,922 : INFO : utils.workspace_handler::get_progress() -> Getting workspace progess...
2025-02-28 17:16:51,923 : INFO : utils.workspace_handler::update_progress() -> Updating workspace progess...
2025-02-28 17:16:51,925 : INFO : utils.workspace_handler::update_progress() -> Updated workspace progess!
2025-02-28 17:16:51,925 : INFO : model_exec::analyze() -> container_1445175094696_0003_01_000001 - processed: 18/43
2025-02-28 17:16:53,765 : INFO : utils.workspace_handler::get_progress() -> Getting workspace progess...
2025-02-28 17:17:53,701 : INFO : utils.workspace_handler::get_progress() -> Getting workspace progess...
2025-02-28 17:18:53,217 : INFO : utils.workspace_handler::get_progress() -> Getting workspace progess...
2025-02-28 17:19:31,564 : INFO : utils.workspace_handler::get_progress() -> Getting workspace progess...
2025-02-28 17:19:31,566 : INFO : utils.workspace_handler::update_progress() -> Updating workspace progess...
2025-02-28 17:19:31,570 : INFO : utils.workspace_handler::update_progress() -> Updated workspace progess!
2025-02-28 17:19:31,571 : INFO : model_exec::analyze() -> container_1445175094696_0003_01_000001 - processed: 19/43
2025-02-28 17:19:53,293 : INFO : utils.workspace_handler::get_progress() -> Getting workspace progess...
2025-02-28 17:20:53,233 : INFO : utils.workspace_handler::get_progress() -> Getting workspace progess...
2025-02-28 17:21:53,228 : INFO : utils.workspace_handler::get_progress() -> Getting workspace progess...
2025-02-28 17:22:06,754 : INFO : utils.workspace_handler::get_progress() -> Getting workspace progess...
2025-02-28 17:22:06,755 : INFO : utils.workspace_handler::update_progress() -> Updating workspace progess...
2025-02-28 17:22:06,757 : INFO : utils.workspace_handler::update_progress() -> Updated workspace progess!
2025-02-28 17:22:06,758 : INFO : model_exec::analyze() -> container_1445175094696_0003_01_000001 - processed: 20/43
2025-02-28 17:22:53,265 : INFO : utils.workspace_handler::get_progress() -> Getting workspace progess...
2025-02-28 17:23:53,232 : INFO : utils.workspace_handler::get_progress() -> Getting workspace progess...
2025-02-28 17:24:41,454 : INFO : utils.workspace_handler::get_progress() -> Getting workspace progess...
2025-02-28 17:24:41,455 : INFO : utils.workspace_handler::update_progress() -> Updating workspace progess...
2025-02-28 17:24:41,460 : INFO : utils.workspace_handler::update_progress() -> Updated workspace progess!
2025-02-28 17:24:41,460 : INFO : model_exec::analyze() -> container_1445175094696_0003_01_000001 - processed: 21/43
2025-02-28 17:24:53,227 : INFO : utils.workspace_handler::get_progress() -> Getting workspace progess...
2025-02-28 17:25:53,247 : INFO : utils.workspace_handler::get_progress() -> Getting workspace progess...
2025-02-28 17:26:53,216 : INFO : utils.workspace_handler::get_progress() -> Getting workspace progess...
2025-02-28 17:27:14,724 : INFO : utils.workspace_handler::get_progress() -> Getting workspace progess...
2025-02-28 17:27:14,725 : INFO : utils.workspace_handler::update_progress() -> Updating workspace progess...
2025-02-28 17:27:14,728 : INFO : utils.workspace_handler::update_progress() -> Updated workspace progess!
2025-02-28 17:27:14,728 : INFO : model_exec::analyze() -> container_1445175094696_0003_01_000001 - processed: 22/43
2025-02-28 17:27:53,221 : INFO : utils.workspace_handler::get_progress() -> Getting workspace progess...
2025-02-28 17:28:53,382 : INFO : utils.workspace_handler::get_progress() -> Getting workspace progess...
2025-02-28 17:29:48,193 : INFO : utils.workspace_handler::get_progress() -> Getting workspace progess...
2025-02-28 17:29:48,194 : INFO : utils.workspace_handler::update_progress() -> Updating workspace progess...
2025-02-28 17:29:48,197 : INFO : utils.workspace_handler::update_progress() -> Updated workspace progess!
2025-02-28 17:29:48,197 : INFO : model_exec::analyze() -> container_1445175094696_0003_01_000001 - processed: 23/43
2025-02-28 17:29:53,223 : INFO : utils.workspace_handler::get_progress() -> Getting workspace progess...
2025-02-28 17:30:53,219 : INFO : utils.workspace_handler::get_progress() -> Getting workspace progess...
2025-02-28 17:31:53,214 : INFO : utils.workspace_handler::get_progress() -> Getting workspace progess...
2025-02-28 17:32:22,226 : INFO : utils.workspace_handler::get_progress() -> Getting workspace progess...
2025-02-28 17:32:22,228 : INFO : utils.workspace_handler::update_progress() -> Updating workspace progess...
2025-02-28 17:32:22,230 : INFO : utils.workspace_handler::update_progress() -> Updated workspace progess!
2025-02-28 17:32:22,230 : INFO : model_exec::analyze() -> container_1445175094696_0003_01_000001 - processed: 24/43
2025-02-28 17:32:53,222 : INFO : utils.workspace_handler::get_progress() -> Getting workspace progess...
2025-02-28 17:33:53,226 : INFO : utils.workspace_handler::get_progress() -> Getting workspace progess...
2025-02-28 17:34:53,241 : INFO : utils.workspace_handler::get_progress() -> Getting workspace progess...
2025-02-28 17:34:54,198 : INFO : utils.workspace_handler::get_progress() -> Getting workspace progess...
2025-02-28 17:34:54,200 : INFO : utils.workspace_handler::update_progress() -> Updating workspace progess...
2025-02-28 17:34:54,203 : INFO : utils.workspace_handler::update_progress() -> Updated workspace progess!
2025-02-28 17:34:54,203 : INFO : model_exec::analyze() -> container_1445175094696_0003_01_000001 - processed: 25/43
2025-02-28 17:35:53,212 : INFO : utils.workspace_handler::get_progress() -> Getting workspace progess...
2025-02-28 17:36:55,863 : INFO : utils.workspace_handler::get_progress() -> Getting workspace progess...
2025-02-28 17:37:27,488 : INFO : utils.workspace_handler::get_progress() -> Getting workspace progess...
2025-02-28 17:37:27,489 : INFO : utils.workspace_handler::update_progress() -> Updating workspace progess...
2025-02-28 17:37:27,491 : INFO : utils.workspace_handler::update_progress() -> Updated workspace progess!
2025-02-28 17:37:27,492 : INFO : model_exec::analyze() -> container_1445175094696_0003_01_000001 - processed: 26/43
2025-02-28 17:37:53,220 : INFO : utils.workspace_handler::get_progress() -> Getting workspace progess...
2025-02-28 17:38:53,224 : INFO : utils.workspace_handler::get_progress() -> Getting workspace progess...
2025-02-28 17:39:53,620 : INFO : utils.workspace_handler::get_progress() -> Getting workspace progess...
2025-02-28 17:39:59,973 : INFO : utils.workspace_handler::get_progress() -> Getting workspace progess...
2025-02-28 17:39:59,974 : INFO : utils.workspace_handler::update_progress() -> Updating workspace progess...
2025-02-28 17:39:59,977 : INFO : utils.workspace_handler::update_progress() -> Updated workspace progess!
2025-02-28 17:39:59,978 : INFO : model_exec::analyze() -> container_1445175094696_0003_01_000001 - processed: 27/43
2025-02-28 17:40:53,263 : INFO : utils.workspace_handler::get_progress() -> Getting workspace progess...
2025-02-28 17:41:53,214 : INFO : utils.workspace_handler::get_progress() -> Getting workspace progess...
2025-02-28 17:42:32,665 : INFO : utils.workspace_handler::get_progress() -> Getting workspace progess...
2025-02-28 17:42:32,667 : INFO : utils.workspace_handler::update_progress() -> Updating workspace progess...
2025-02-28 17:42:32,671 : INFO : utils.workspace_handler::update_progress() -> Updated workspace progess!
2025-02-28 17:42:32,671 : INFO : model_exec::analyze() -> container_1445175094696_0003_01_000001 - processed: 28/43
2025-02-28 17:42:53,226 : INFO : utils.workspace_handler::get_progress() -> Getting workspace progess...
2025-02-28 17:43:53,229 : INFO : utils.workspace_handler::get_progress() -> Getting workspace progess...
2025-02-28 17:44:53,218 : INFO : utils.workspace_handler::get_progress() -> Getting workspace progess...
2025-02-28 17:45:05,067 : INFO : utils.workspace_handler::get_progress() -> Getting workspace progess...
2025-02-28 17:45:05,068 : INFO : utils.workspace_handler::update_progress() -> Updating workspace progess...
2025-02-28 17:45:05,071 : INFO : utils.workspace_handler::update_progress() -> Updated workspace progess!
2025-02-28 17:45:05,072 : INFO : model_exec::analyze() -> container_1445175094696_0003_01_000001 - processed: 29/43
2025-02-28 17:45:53,219 : INFO : utils.workspace_handler::get_progress() -> Getting workspace progess...
2025-02-28 17:46:53,228 : INFO : utils.workspace_handler::get_progress() -> Getting workspace progess...
2025-02-28 17:47:38,490 : INFO : utils.workspace_handler::get_progress() -> Getting workspace progess...
2025-02-28 17:47:38,492 : INFO : utils.workspace_handler::update_progress() -> Updating workspace progess...
2025-02-28 17:47:38,494 : INFO : utils.workspace_handler::update_progress() -> Updated workspace progess!
2025-02-28 17:47:38,494 : INFO : model_exec::analyze() -> container_1445175094696_0003_01_000001 - processed: 30/43
2025-02-28 17:47:53,225 : INFO : utils.workspace_handler::get_progress() -> Getting workspace progess...
2025-02-28 17:48:54,039 : INFO : utils.workspace_handler::get_progress() -> Getting workspace progess...
2025-02-28 17:49:53,303 : INFO : utils.workspace_handler::get_progress() -> Getting workspace progess...
2025-02-28 17:50:11,841 : INFO : utils.workspace_handler::get_progress() -> Getting workspace progess...
2025-02-28 17:50:11,842 : INFO : utils.workspace_handler::update_progress() -> Updating workspace progess...
2025-02-28 17:50:11,845 : INFO : utils.workspace_handler::update_progress() -> Updated workspace progess!
2025-02-28 17:50:11,846 : INFO : model_exec::analyze() -> container_1445175094696_0003_01_000001 - processed: 31/43
2025-02-28 17:50:53,219 : INFO : utils.workspace_handler::get_progress() -> Getting workspace progess...
2025-02-28 17:51:53,219 : INFO : utils.workspace_handler::get_progress() -> Getting workspace progess...
2025-02-28 17:52:44,203 : INFO : utils.workspace_handler::get_progress() -> Getting workspace progess...
2025-02-28 17:52:44,205 : INFO : utils.workspace_handler::update_progress() -> Updating workspace progess...
2025-02-28 17:52:44,207 : INFO : utils.workspace_handler::update_progress() -> Updated workspace progess!
2025-02-28 17:52:44,207 : INFO : model_exec::analyze() -> container_1445175094696_0003_01_000001 - processed: 32/43
2025-02-28 17:52:53,566 : INFO : utils.workspace_handler::get_progress() -> Getting workspace progess...
2025-02-28 17:53:54,605 : INFO : utils.workspace_handler::get_progress() -> Getting workspace progess...
2025-02-28 17:54:53,519 : INFO : utils.workspace_handler::get_progress() -> Getting workspace progess...
2025-02-28 17:55:17,219 : INFO : utils.workspace_handler::get_progress() -> Getting workspace progess...
2025-02-28 17:55:17,220 : INFO : utils.workspace_handler::update_progress() -> Updating workspace progess...
2025-02-28 17:55:17,223 : INFO : utils.workspace_handler::update_progress() -> Updated workspace progess!
2025-02-28 17:55:17,223 : INFO : model_exec::analyze() -> container_1445175094696_0003_01_000001 - processed: 33/43
2025-02-28 17:55:53,214 : INFO : utils.workspace_handler::get_progress() -> Getting workspace progess...
2025-02-28 17:56:53,254 : INFO : utils.workspace_handler::get_progress() -> Getting workspace progess...
2025-02-28 17:57:46,836 : INFO : utils.workspace_handler::get_progress() -> Getting workspace progess...
2025-02-28 17:57:46,837 : INFO : utils.workspace_handler::update_progress() -> Updating workspace progess...
2025-02-28 17:57:46,840 : INFO : utils.workspace_handler::update_progress() -> Updated workspace progess!
2025-02-28 17:57:46,840 : INFO : model_exec::analyze() -> container_1445175094696_0003_01_000001 - processed: 34/43
2025-02-28 17:57:53,223 : INFO : utils.workspace_handler::get_progress() -> Getting workspace progess...
2025-02-28 17:58:55,249 : INFO : utils.workspace_handler::get_progress() -> Getting workspace progess...
2025-02-28 17:59:53,340 : INFO : utils.workspace_handler::get_progress() -> Getting workspace progess...
2025-02-28 18:00:16,891 : INFO : utils.workspace_handler::get_progress() -> Getting workspace progess...
2025-02-28 18:00:16,892 : INFO : utils.workspace_handler::update_progress() -> Updating workspace progess...
2025-02-28 18:00:16,897 : INFO : utils.workspace_handler::update_progress() -> Updated workspace progess!
2025-02-28 18:00:16,897 : INFO : model_exec::analyze() -> container_1445175094696_0003_01_000001 - processed: 35/43
2025-02-28 18:00:53,227 : INFO : utils.workspace_handler::get_progress() -> Getting workspace progess...
2025-02-28 18:01:53,229 : INFO : utils.workspace_handler::get_progress() -> Getting workspace progess...
2025-02-28 18:02:48,462 : INFO : utils.workspace_handler::get_progress() -> Getting workspace progess...
2025-02-28 18:02:48,462 : INFO : utils.workspace_handler::update_progress() -> Updating workspace progess...
2025-02-28 18:02:48,466 : INFO : utils.workspace_handler::update_progress() -> Updated workspace progess!
2025-02-28 18:02:48,466 : INFO : model_exec::analyze() -> container_1445175094696_0003_01_000001 - processed: 36/43
2025-02-28 18:02:53,228 : INFO : utils.workspace_handler::get_progress() -> Getting workspace progess...
2025-02-28 18:03:53,273 : INFO : utils.workspace_handler::get_progress() -> Getting workspace progess...
2025-02-28 18:04:53,218 : INFO : utils.workspace_handler::get_progress() -> Getting workspace progess...
2025-02-28 18:05:16,524 : INFO : utils.workspace_handler::get_progress() -> Getting workspace progess...
2025-02-28 18:05:16,526 : INFO : utils.workspace_handler::update_progress() -> Updating workspace progess...
2025-02-28 18:05:16,530 : INFO : utils.workspace_handler::update_progress() -> Updated workspace progess!
2025-02-28 18:05:16,531 : INFO : model_exec::analyze() -> container_1445175094696_0003_01_000001 - processed: 37/43
2025-02-28 18:05:53,214 : INFO : utils.workspace_handler::get_progress() -> Getting workspace progess...
2025-02-28 18:06:53,224 : INFO : utils.workspace_handler::get_progress() -> Getting workspace progess...
2025-02-28 18:07:46,974 : INFO : utils.workspace_handler::get_progress() -> Getting workspace progess...
2025-02-28 18:07:46,976 : INFO : utils.workspace_handler::update_progress() -> Updating workspace progess...
2025-02-28 18:07:46,979 : INFO : utils.workspace_handler::update_progress() -> Updated workspace progess!
2025-02-28 18:07:46,979 : INFO : model_exec::analyze() -> container_1445175094696_0003_01_000001 - processed: 38/43
2025-02-28 18:07:53,227 : INFO : utils.workspace_handler::get_progress() -> Getting workspace progess...
2025-02-28 18:08:55,269 : INFO : utils.workspace_handler::get_progress() -> Getting workspace progess...
2025-02-28 18:09:53,223 : INFO : utils.workspace_handler::get_progress() -> Getting workspace progess...
2025-02-28 18:10:15,692 : INFO : utils.workspace_handler::get_progress() -> Getting workspace progess...
2025-02-28 18:10:15,694 : INFO : utils.workspace_handler::update_progress() -> Updating workspace progess...
2025-02-28 18:10:15,697 : INFO : utils.workspace_handler::update_progress() -> Updated workspace progess!
2025-02-28 18:10:15,697 : INFO : model_exec::analyze() -> container_1445175094696_0003_01_000001 - processed: 39/43
2025-02-28 18:10:53,228 : INFO : utils.workspace_handler::get_progress() -> Getting workspace progess...
2025-02-28 18:11:53,263 : INFO : utils.workspace_handler::get_progress() -> Getting workspace progess...
2025-02-28 18:12:48,972 : INFO : utils.workspace_handler::get_progress() -> Getting workspace progess...
2025-02-28 18:12:48,973 : INFO : utils.workspace_handler::update_progress() -> Updating workspace progess...
2025-02-28 18:12:48,976 : INFO : utils.workspace_handler::update_progress() -> Updated workspace progess!
2025-02-28 18:12:48,976 : INFO : model_exec::analyze() -> container_1445175094696_0003_01_000001 - processed: 40/43
2025-02-28 18:12:53,222 : INFO : utils.workspace_handler::get_progress() -> Getting workspace progess...
2025-02-28 18:13:53,218 : INFO : utils.workspace_handler::get_progress() -> Getting workspace progess...
2025-02-28 18:14:53,227 : INFO : utils.workspace_handler::get_progress() -> Getting workspace progess...
2025-02-28 18:15:22,191 : INFO : utils.workspace_handler::get_progress() -> Getting workspace progess...
2025-02-28 18:15:22,192 : INFO : utils.workspace_handler::update_progress() -> Updating workspace progess...
2025-02-28 18:15:22,195 : INFO : utils.workspace_handler::update_progress() -> Updated workspace progess!
2025-02-28 18:15:22,195 : INFO : model_exec::analyze() -> container_1445175094696_0003_01_000001 - processed: 41/43
2025-02-28 18:15:53,249 : INFO : utils.workspace_handler::get_progress() -> Getting workspace progess...
2025-02-28 18:16:53,225 : INFO : utils.workspace_handler::get_progress() -> Getting workspace progess...
2025-02-28 18:17:52,273 : INFO : utils.workspace_handler::get_progress() -> Getting workspace progess...
2025-02-28 18:17:52,274 : INFO : utils.workspace_handler::update_progress() -> Updating workspace progess...
2025-02-28 18:17:52,276 : INFO : utils.workspace_handler::update_progress() -> Updated workspace progess!
2025-02-28 18:17:52,277 : INFO : model_exec::analyze() -> container_1445175094696_0003_01_000001 - processed: 42/43
2025-02-28 18:17:53,216 : INFO : utils.workspace_handler::get_progress() -> Getting workspace progess...
2025-02-28 18:18:20,054 : INFO : utils.workspace_handler::get_progress() -> Getting workspace progess...
2025-02-28 18:18:20,055 : INFO : utils.workspace_handler::update_progress() -> Updating workspace progess...
2025-02-28 18:18:20,059 : INFO : utils.workspace_handler::update_progress() -> Updated workspace progess!
2025-02-28 18:18:20,059 : INFO : model_exec::analyze() -> container_1445175094696_0003_01_000001 - processed: 43/43
2025-02-28 18:18:20,113 : INFO : model_exec::extract_scores() -> Scores extracted
2025-02-28 18:18:20,116 : INFO : model_exec::analyze() -> Analysis completed
2025-02-28 18:18:20,116 : INFO : utils.workspace_handler::update_progress() -> Updating workspace progess...
2025-02-28 18:18:20,119 : INFO : utils.workspace_handler::update_progress() -> Updated workspace progess!
2025-02-28 18:18:20,122 : INFO : model_exec::create_summary() -> Starting summary generation
2025-02-28 18:18:20,146 : INFO : utils.workspace_handler::update_progress() -> Updating workspace progess...
2025-02-28 18:18:20,149 : INFO : utils.workspace_handler::update_progress() -> Updated workspace progess!
2025-02-28 18:18:20,149 : INFO : model_exec::create_summary() -> Summary generated
2025-02-28 18:18:20,149 : INFO : model_exec::main() -> Analysis and summary process completed
2025-02-28 18:18:38,768 : INFO : lib.mongodb_adapter::push_signature() -> Pushing signature to DB...
2025-02-28 18:18:38,820 : INFO : lib.mongodb_adapter::push_signature() -> Pushed signature to DB!
2025-02-28 18:18:38,825 : INFO : lib.mongodb_adapter::get_signatures() -> Getting signatures from DB...
2025-02-28 18:18:38,832 : INFO : lib.mongodb_adapter::get_signatures() -> Collected signatures from DB!
2025-02-28 18:18:38,938 : INFO : lib.mongodb_adapter::push_result() -> Pushing result to DB...
2025-02-28 18:18:38,945 : INFO : lib.mongodb_adapter::push_result() -> Pushed result to DB!
2025-02-28 18:18:38,947 : INFO : utils.workspace_handler::update_progress() -> Updating workspace progess...
2025-02-28 18:18:38,949 : INFO : utils.workspace_handler::update_progress() -> Updated workspace progess!
2025-02-28 18:18:38,949 : INFO : model_exec::publish_to_db() -> Published signature and results to db
2025-02-28 18:18:53,212 : INFO : utils.workspace_handler::get_progress() -> Getting workspace progess...
