2025-03-04 09:45:29,449 : INFO : utils.workspace_handler::get_progress() -> Getting workspace progess...
2025-03-04 09:45:29,449 : ERROR : utils.workspace_handler::get_progress() -> Getting workspace progess failed!
2025-03-04 09:45:29,449 : ERROR : utils.workspace_handler::get_progress() -> [Errno 2] No such file or directory: 'garage/container_1445087491445_0002_01_000001_workspace_03_03_25_17_40_34/progress.txt'
2025-03-04 09:45:29,452 : INFO : lib.mongodb_adapter::get_result() -> Fetching result from DB...
2025-03-04 09:45:29,470 : INFO : lib.mongodb_adapter::get_result() -> Fetched result from DB!
2025-03-04 09:45:33,914 : INFO : lib.mongodb_adapter::get_result() -> Fetching result from DB...
2025-03-04 09:45:33,915 : INFO : lib.mongodb_adapter::get_result() -> Fetched result from DB!
2025-03-07 09:23:23,287 : INFO : utils.workspace_handler::get_progress() -> Getting workspace progess...
2025-03-07 09:23:23,287 : ERROR : utils.workspace_handler::get_progress() -> Getting workspace progess failed!
2025-03-07 09:23:23,287 : ERROR : utils.workspace_handler::get_progress() -> [Errno 2] No such file or directory: 'garage/container_1445087491445_0002_01_000001_workspace_03_03_25_17_40_34/progress.txt'
2025-03-07 09:23:23,288 : INFO : lib.mongodb_adapter::get_result() -> Fetching result from DB...
2025-03-07 09:23:23,292 : INFO : lib.mongodb_adapter::get_result() -> Fetched result from DB!
2025-03-07 09:23:32,789 : INFO : lib.mongodb_adapter::get_result() -> Fetching result from DB...
2025-03-07 09:23:32,790 : INFO : lib.mongodb_adapter::get_result() -> Fetched result from DB!
2025-03-07 09:24:28,430 : INFO : utils.workspace_handler::get_progress() -> Getting workspace progess...
2025-03-07 09:24:28,430 : ERROR : utils.workspace_handler::get_progress() -> Getting workspace progess failed!
2025-03-07 09:24:28,430 : ERROR : utils.workspace_handler::get_progress() -> [Errno 2] No such file or directory: 'garage/container_1445087491445_0002_01_000001_workspace_03_03_25_17_40_34/progress.txt'
2025-03-07 09:24:28,431 : INFO : lib.mongodb_adapter::get_result() -> Fetching result from DB...
2025-03-07 09:24:28,433 : INFO : lib.mongodb_adapter::get_result() -> Fetched result from DB!
2025-03-07 09:24:31,508 : INFO : lib.mongodb_adapter::get_result() -> Fetching result from DB...
2025-03-07 09:24:31,508 : INFO : lib.mongodb_adapter::get_result() -> Fetched result from DB!
2025-03-07 11:53:45,798 : INFO : utils.workspace_handler::get_progress() -> Getting workspace progess...
2025-03-07 11:53:45,799 : ERROR : utils.workspace_handler::get_progress() -> Getting workspace progess failed!
2025-03-07 11:53:45,799 : ERROR : utils.workspace_handler::get_progress() -> [Errno 2] No such file or directory: 'garage/container_1445087491445_0002_01_000001_workspace_03_03_25_17_40_34/progress.txt'
2025-03-07 11:53:45,800 : INFO : lib.mongodb_adapter::get_result() -> Fetching result from DB...
2025-03-07 11:53:45,816 : INFO : lib.mongodb_adapter::get_result() -> Fetched result from DB!
2025-03-07 11:53:48,731 : INFO : lib.mongodb_adapter::get_result() -> Fetching result from DB...
2025-03-07 11:53:48,732 : INFO : lib.mongodb_adapter::get_result() -> Fetched result from DB!
